<?xml version="1.0" encoding="UTF-8"?>
<!-- Generated by org.testng.reporters.JUnitReportReporter -->
<testsuite skipped="0" hostname="BUSRAARIK" name="com.automationProject.test.LoginPageTest" tests="1" failures="0" timestamp="21 Mar 2019 20:24:40 GMT" time="34.376" errors="0">
  <testcase name="successLoginTest" time="34.376" classname="com.automationProject.test.LoginPageTest"/>
</testsuite> <!-- com.automationProject.test.LoginPageTest -->
