<?xml version="1.0" encoding="UTF-8"?>
<!-- Generated by org.testng.reporters.JUnitReportReporter -->
<testsuite skipped="0" hostname="BUSRAARIK" name="com.automationProject.test.n11Test" tests="1" failures="0" timestamp="21 Mar 2019 20:31:00 GMT" time="33.282" errors="0">
  <testcase name="successLoginTest" time="33.282" classname="com.automationProject.test.n11Test"/>
</testsuite> <!-- com.automationProject.test.n11Test -->
