<?xml version="1.0" encoding="UTF-8"?>
<!-- Generated by org.testng.reporters.JUnitReportReporter -->
<testsuite skipped="0" hostname="BUSRAARIK" name="com.automationProject.test.BuyTheCheapestIPhone" tests="1" failures="0" timestamp="05 Apr 2019 13:26:24 GMT" time="22.093" errors="0">
  <testcase name="buyTheCheapestIPhone" time="22.093" classname="com.automationProject.test.BuyTheCheapestIPhone"/>
</testsuite> <!-- com.automationProject.test.BuyTheCheapestIPhone -->
